<?xml version="1.0" encoding="UTF-8"?>
<!-- Generated by org.testng.reporters.JUnitXMLReporter -->
<testsuite ignored="6" hostname="LAPTOP-AR150CCB" failures="0" tests="4" name="Test" time="34.392" errors="0" timestamp="2023-05-23T20:45:12 CDT">
  <testcase classname="tests.LoginLogoutTest" name="signInAndOutTest" time="1.835"/>
  <testcase classname="tests.ShoppingCartTest" name="buyAndCheckout" time="2.88"/>
  <testcase classname="tests.ExcelTest" name="excelDataLogin" time="11.697"/>
  <testcase classname="tests.TestProperties" name="loginWithProperties" time="1.386"/>
  <testcase classname="businessfunctions.BaseClass" name="@BeforeTest openBrowser" time="0.0">
    <ignored/>
  </testcase> <!-- @BeforeTest openBrowser -->
  <testcase classname="businessfunctions.BaseClass" name="@BeforeTest openBrowser" time="0.0">
    <ignored/>
  </testcase> <!-- @BeforeTest openBrowser -->
  <testcase classname="businessfunctions.BaseClass" name="@BeforeTest openBrowser" time="0.0">
    <ignored/>
  </testcase> <!-- @BeforeTest openBrowser -->
  <testcase classname="businessfunctions.BaseClass" name="@AfterTest closeBrowser" time="0.0">
    <ignored/>
  </testcase> <!-- @AfterTest closeBrowser -->
  <testcase classname="businessfunctions.BaseClass" name="@AfterTest closeBrowser" time="0.0">
    <ignored/>
  </testcase> <!-- @AfterTest closeBrowser -->
  <testcase classname="businessfunctions.BaseClass" name="@AfterTest closeBrowser" time="0.0">
    <ignored/>
  </testcase> <!-- @AfterTest closeBrowser -->
</testsuite> <!-- Test -->
