<?xml version="1.0" encoding="UTF-8"?>
<!-- Generated by org.testng.reporters.JUnitXMLReporter -->
<testsuite ignored="6" hostname="LAPTOP-AR150CCB" failures="0" tests="4" name="Test" time="21.689" errors="0" timestamp="2023-04-02T19:44:57 CDT">
  <testcase classname="tests.LoginLogoutTest" name="signInAndOutTest" time="1.143"/>
  <testcase classname="tests.ShoppingCartTest" name="buyAndCheckout" time="2.033"/>
  <testcase classname="tests.ExcelTest" name="excelDataLogin" time="9.723"/>
  <testcase classname="tests.TestProperties" name="loginWithProperties" time="0.893"/>
  <testcase classname="businessfunctions.BaseClass" name="@BeforeTest openBrowser" time="0.0">
    <ignored/>
  </testcase> <!-- @BeforeTest openBrowser -->
  <testcase classname="businessfunctions.BaseClass" name="@BeforeTest openBrowser" time="0.0">
    <ignored/>
  </testcase> <!-- @BeforeTest openBrowser -->
  <testcase classname="businessfunctions.BaseClass" name="@BeforeTest openBrowser" time="0.0">
    <ignored/>
  </testcase> <!-- @BeforeTest openBrowser -->
  <testcase classname="businessfunctions.BaseClass" name="@AfterTest closeBrowser" time="0.0">
    <ignored/>
  </testcase> <!-- @AfterTest closeBrowser -->
  <testcase classname="businessfunctions.BaseClass" name="@AfterTest closeBrowser" time="0.0">
    <ignored/>
  </testcase> <!-- @AfterTest closeBrowser -->
  <testcase classname="businessfunctions.BaseClass" name="@AfterTest closeBrowser" time="0.0">
    <ignored/>
  </testcase> <!-- @AfterTest closeBrowser -->
</testsuite> <!-- Test -->
